TN:
SF:src\App.jsx
FN:25,App
FNF:1
FNH:0
FNDA:0,App
DA:26,0
LF:1
LH:0
BRF:0
BRH:0
end_of_record
TN:
SF:src\components\Headers\HeaderInterfaces.jsx
FN:11,HeaderInterfaces
FN:19,(anonymous_1)
FN:20,(anonymous_2)
FN:32,(anonymous_3)
FNF:4
FNH:0
FNDA:0,HeaderInterfaces
FNDA:0,(anonymous_1)
FNDA:0,(anonymous_2)
FNDA:0,(anonymous_3)
DA:12,0
DA:13,0
DA:19,0
DA:20,0
DA:21,0
DA:22,0
DA:24,0
DA:25,0
DA:28,0
DA:32,0
DA:34,0
DA:35,0
DA:38,0
LF:13
LH:0
BRDA:24,0,0,0
BRDA:24,0,1,0
BRF:2
BRH:0
end_of_record
TN:
SF:src\components\Headers\HeaderLogSign.jsx
FN:7,HeaderLogSign
FNF:1
FNH:0
FNDA:0,HeaderLogSign
DA:8,0
LF:1
LH:0
BRF:0
BRH:0
end_of_record
TN:
SF:src\components\Loan\LoanRequest.jsx
FN:6,LoanRequest
FN:14,(anonymous_1)
FN:19,(anonymous_2)
FN:38,(anonymous_3)
FN:93,oo_cm
FNF:5
FNH:5
FNDA:20,LoanRequest
FNDA:9,(anonymous_1)
FNDA:5,(anonymous_2)
FNDA:5,(anonymous_3)
FNDA:1,oo_cm
DA:7,20
DA:12,20
DA:14,20
DA:15,9
DA:16,9
DA:19,20
DA:20,5
DA:22,3
DA:23,3
DA:24,2
DA:25,2
DA:26,2
DA:27,1
DA:28,1
DA:30,1
DA:31,1
DA:33,2
DA:38,20
DA:39,5
DA:40,1
DA:41,1
DA:43,4
DA:44,1
DA:45,1
DA:47,3
DA:50,20
DA:93,1
LF:27
LH:27
BRDA:20,0,0,2
BRDA:20,0,1,3
BRDA:23,1,0,2
BRDA:23,1,1,1
BRDA:39,2,0,1
BRDA:39,2,1,4
BRDA:43,3,0,1
BRDA:43,3,1,3
BRDA:43,4,0,4
BRDA:43,4,1,3
BRDA:80,5,0,2
BRDA:80,5,1,18
BRDA:93,6,0,1
BRDA:93,6,1,1
BRF:14
BRH:14
end_of_record
TN:
SF:src\components\Login\Login.jsx
FN:11,Login
FN:21,(anonymous_1)
FN:28,(anonymous_2)
FN:50,(anonymous_3)
FN:63,(anonymous_4)
FN:122,oo_cm
FNF:6
FNH:6
FNDA:19,Login
FNDA:10,(anonymous_1)
FNDA:5,(anonymous_2)
FNDA:2,(anonymous_3)
FNDA:5,(anonymous_4)
FNDA:4,oo_cm
DA:12,19
DA:17,19
DA:19,19
DA:21,19
DA:22,10
DA:28,19
DA:29,5
DA:30,5
DA:32,4
DA:33,4
DA:41,3
DA:42,3
DA:43,2
DA:44,2
DA:48,2
DA:50,2
DA:51,2
DA:52,2
DA:56,1
DA:59,1
DA:63,19
DA:64,5
DA:65,1
DA:66,1
DA:68,4
DA:71,19
DA:122,4
LF:27
LH:27
BRDA:30,0,0,1
BRDA:30,0,1,4
BRDA:42,1,0,2
BRDA:42,1,1,1
BRDA:51,2,0,2
BRDA:51,2,1,0
BRDA:64,3,0,1
BRDA:64,3,1,4
BRDA:64,4,0,5
BRDA:64,4,1,5
BRDA:105,5,0,2
BRDA:105,5,1,17
BRDA:122,6,0,4
BRDA:122,6,1,1
BRF:14
BRH:13
end_of_record
TN:
SF:src\components\MainComponents\Carousel.jsx
FN:38,Carousel
FN:41,(anonymous_1)
FN:50,(anonymous_2)
FN:51,(anonymous_3)
FN:54,(anonymous_4)
FN:55,(anonymous_5)
FNF:6
FNH:0
FNDA:0,Carousel
FNDA:0,(anonymous_1)
FNDA:0,(anonymous_2)
FNDA:0,(anonymous_3)
FNDA:0,(anonymous_4)
FNDA:0,(anonymous_5)
DA:14,0
DA:40,0
DA:41,0
DA:42,0
DA:43,0
DA:47,0
DA:48,0
DA:50,0
DA:51,0
DA:54,0
DA:55,0
DA:58,0
LF:12
LH:0
BRDA:42,0,0,0
BRDA:42,0,1,0
BRDA:51,1,0,0
BRDA:51,1,1,0
BRDA:55,2,0,0
BRDA:55,2,1,0
BRF:6
BRH:0
end_of_record
TN:
SF:src\components\MainComponents\CarouselInterface.jsx
FN:4,CarouselInterface
FNF:1
FNH:0
FNDA:0,CarouselInterface
DA:5,0
LF:1
LH:0
BRF:0
BRH:0
end_of_record
TN:
SF:src\components\MainComponents\Layout.jsx
FN:6,Layout
FNF:1
FNH:0
FNDA:0,Layout
DA:7,0
LF:1
LH:0
BRF:0
BRH:0
end_of_record
TN:
SF:src\components\MainComponents\Menu.jsx
FN:12,Menu
FNF:1
FNH:0
FNDA:0,Menu
DA:13,0
LF:1
LH:0
BRF:0
BRH:0
end_of_record
TN:
SF:src\components\Manage\ManageMovements.jsx
FN:11,ManageViewTransactions
FN:15,(anonymous_1)
FN:20,(anonymous_2)
FN:23,(anonymous_3)
FN:36,(anonymous_4)
FN:62,(anonymous_5)
FNF:6
FNH:6
FNDA:9,ManageViewTransactions
FNDA:6,(anonymous_1)
FNDA:6,(anonymous_2)
FNDA:15,(anonymous_3)
FNDA:6,(anonymous_4)
FNDA:6,(anonymous_5)
DA:12,9
DA:13,9
DA:15,8
DA:16,6
DA:17,1
DA:20,6
DA:21,6
DA:22,6
DA:23,15
DA:30,5
DA:33,6
DA:36,8
DA:37,6
DA:39,2
DA:41,2
DA:43,2
DA:45,0
DA:49,8
DA:63,6
LF:19
LH:18
BRDA:16,0,0,1
BRDA:16,0,1,5
BRDA:22,1,0,5
BRDA:22,1,1,1
BRDA:37,2,0,2
BRDA:37,2,1,2
BRDA:37,2,2,2
BRDA:37,2,3,0
BRDA:43,3,0,0
BRDA:43,3,1,2
BRF:10
BRH:8
end_of_record
TN:
SF:src\components\Manage\ManageViewBalance.jsx
FN:9,ManageViewBalance
FN:12,(anonymous_1)
FN:13,(anonymous_2)
FN:47,(anonymous_3)
FN:78,oo_cm
FNF:5
FNH:5
FNDA:7,ManageViewBalance
FNDA:5,(anonymous_1)
FNDA:5,(anonymous_2)
FNDA:1,(anonymous_3)
FNDA:1,oo_cm
DA:10,7
DA:12,7
DA:13,5
DA:14,5
DA:15,5
DA:16,4
DA:17,4
DA:18,4
DA:19,4
DA:20,1
DA:25,1
DA:26,1
DA:29,5
DA:33,7
DA:48,1
DA:78,1
LF:16
LH:16
BRDA:19,0,0,1
BRDA:19,0,1,3
BRDA:19,1,0,4
BRDA:19,1,1,1
BRDA:78,2,0,1
BRDA:78,2,1,1
BRF:6
BRH:6
end_of_record
TN:
SF:src\components\Manage\ManageViewProfile.jsx
FN:9,ManageViewProfile
FN:14,(anonymous_1)
FN:15,(anonymous_2)
FN:38,(anonymous_3)
FN:44,(anonymous_4)
FN:60,(anonymous_5)
FN:68,(anonymous_6)
FN:127,(anonymous_7)
FN:153,oo_cm
FNF:9
FNH:8
FNDA:21,ManageViewProfile
FNDA:7,(anonymous_1)
FNDA:7,(anonymous_2)
FNDA:2,(anonymous_3)
FNDA:1,(anonymous_4)
FNDA:0,(anonymous_5)
FNDA:6,(anonymous_6)
FNDA:5,(anonymous_7)
FNDA:2,oo_cm
DA:10,21
DA:11,20
DA:12,20
DA:14,20
DA:15,7
DA:16,7
DA:17,7
DA:18,6
DA:25,1
DA:26,1
DA:27,1
DA:35,7
DA:38,20
DA:39,2
DA:44,20
DA:45,1
DA:46,1
DA:47,1
DA:48,1
DA:50,1
DA:56,1
DA:58,1
DA:60,1
DA:61,0
DA:62,0
DA:68,20
DA:69,6
DA:70,1
DA:71,1
DA:73,5
DA:76,20
DA:128,5
DA:129,1
DA:131,4
DA:153,2
LF:35
LH:33
BRDA:19,0,0,6
BRDA:19,0,1,0
BRDA:20,1,0,6
BRDA:20,1,1,0
BRDA:21,2,0,6
BRDA:21,2,1,0
BRDA:22,3,0,6
BRDA:22,3,1,0
BRDA:45,4,0,0
BRDA:45,4,1,1
BRDA:47,5,0,1
BRDA:47,5,1,0
BRDA:69,6,0,1
BRDA:69,6,1,5
BRDA:69,7,0,6
BRDA:69,7,1,5
BRDA:79,8,0,20
BRDA:79,8,1,1
BRDA:128,9,0,1
BRDA:128,9,1,4
BRDA:134,10,0,5
BRDA:134,10,1,15
BRDA:137,11,0,20
BRDA:137,11,1,5
BRDA:153,12,0,2
BRDA:153,12,1,1
BRF:26
BRH:20
end_of_record
TN:
SF:src\components\Register\Register.jsx
FN:5,Register
FN:18,(anonymous_1)
FN:25,(anonymous_2)
FN:46,(anonymous_3)
FN:61,(anonymous_4)
FN:151,oo_cm
FNF:6
FNH:6
FNDA:32,Register
FNDA:20,(anonymous_1)
FNDA:5,(anonymous_2)
FNDA:1,(anonymous_3)
FNDA:5,(anonymous_4)
FNDA:2,oo_cm
DA:7,32
DA:14,32
DA:16,32
DA:18,32
DA:19,20
DA:25,32
DA:26,5
DA:28,5
DA:30,4
DA:31,4
DA:39,3
DA:42,3
DA:43,2
DA:44,2
DA:46,2
DA:48,1
DA:51,1
DA:54,3
DA:57,1
DA:61,32
DA:62,5
DA:63,1
DA:64,1
DA:66,4
DA:71,32
DA:151,2
LF:26
LH:26
BRDA:28,0,0,1
BRDA:28,0,1,4
BRDA:42,1,0,2
BRDA:42,1,1,1
BRDA:51,2,0,1
BRDA:51,2,1,0
BRDA:62,3,0,1
BRDA:62,3,1,4
BRDA:62,4,0,5
BRDA:62,4,1,4
BRDA:62,4,2,4
BRDA:62,4,3,4
BRDA:76,5,0,32
BRDA:76,5,1,4
BRDA:151,6,0,2
BRDA:151,6,1,1
BRF:16
BRH:15
end_of_record
TN:
SF:src\components\Report\ReportsDebts.jsx
FN:6,ReportsDebts
FN:11,(anonymous_1)
FN:12,(anonymous_2)
FN:61,oo_cm
FNF:4
FNH:4
FNDA:9,ReportsDebts
FNDA:5,(anonymous_1)
FNDA:5,(anonymous_2)
FNDA:4,oo_cm
DA:7,9
DA:8,8
DA:9,8
DA:11,8
DA:12,5
DA:13,5
DA:14,5
DA:15,4
DA:16,1
DA:18,3
DA:21,1
DA:23,5
DA:27,5
DA:30,8
DA:61,4
LF:15
LH:15
BRDA:15,0,0,1
BRDA:15,0,1,3
BRDA:15,1,0,4
BRDA:15,1,1,2
BRDA:34,2,0,7
BRDA:34,2,1,1
BRDA:39,3,0,5
BRDA:39,3,1,3
BRDA:45,4,0,1
BRDA:45,4,1,2
BRDA:61,5,0,4
BRDA:61,5,1,1
BRF:12
BRH:12
end_of_record
TN:
SF:src\components\Report\ReportsTotalExpenses.jsx
FN:6,ReportsTotalOutcome
FN:11,(anonymous_1)
FN:12,(anonymous_2)
FN:61,oo_cm
FNF:4
FNH:4
FNDA:9,ReportsTotalOutcome
FNDA:5,(anonymous_1)
FNDA:5,(anonymous_2)
FNDA:4,oo_cm
DA:7,9
DA:8,8
DA:9,8
DA:11,8
DA:12,5
DA:13,5
DA:14,5
DA:15,4
DA:16,1
DA:18,3
DA:21,1
DA:23,5
DA:27,5
DA:30,8
DA:61,4
LF:15
LH:15
BRDA:15,0,0,1
BRDA:15,0,1,3
BRDA:15,1,0,4
BRDA:15,1,1,2
BRDA:34,2,0,7
BRDA:34,2,1,1
BRDA:39,3,0,5
BRDA:39,3,1,3
BRDA:45,4,0,1
BRDA:45,4,1,2
BRDA:61,5,0,4
BRDA:61,5,1,1
BRF:12
BRH:12
end_of_record
TN:
SF:src\components\Report\ReportsTotalIncome.jsx
FN:6,ReportsTotalIncome
FN:11,(anonymous_1)
FN:12,(anonymous_2)
FN:61,oo_cm
FNF:4
FNH:4
FNDA:9,ReportsTotalIncome
FNDA:5,(anonymous_1)
FNDA:5,(anonymous_2)
FNDA:4,oo_cm
DA:7,9
DA:8,8
DA:9,8
DA:11,8
DA:12,5
DA:13,5
DA:14,5
DA:15,4
DA:16,1
DA:18,3
DA:21,1
DA:23,5
DA:27,5
DA:30,8
DA:61,4
LF:15
LH:15
BRDA:15,0,0,1
BRDA:15,0,1,3
BRDA:15,1,0,4
BRDA:15,1,1,2
BRDA:34,2,0,7
BRDA:34,2,1,1
BRDA:39,3,0,5
BRDA:39,3,1,3
BRDA:45,4,0,1
BRDA:45,4,1,2
BRDA:61,5,0,4
BRDA:61,5,1,1
BRF:12
BRH:12
end_of_record
TN:
SF:src\components\Transaction\TransactionsDeposit.jsx
FN:8,TransactionsDeposit
FN:16,(anonymous_1)
FN:22,(anonymous_2)
FN:34,(anonymous_3)
FNF:4
FNH:4
FNDA:19,TransactionsDeposit
FNDA:6,(anonymous_1)
FNDA:6,(anonymous_2)
FNDA:6,(anonymous_3)
DA:10,19
DA:14,19
DA:16,19
DA:17,6
DA:22,19
DA:23,6
DA:24,1
DA:25,1
DA:27,5
DA:28,1
DA:29,1
DA:31,4
DA:34,19
DA:35,6
DA:37,4
DA:38,4
DA:39,3
DA:42,3
DA:43,2
DA:44,2
DA:45,1
DA:46,1
DA:48,1
DA:54,19
LF:24
LH:24
BRDA:23,0,0,1
BRDA:23,0,1,5
BRDA:27,1,0,1
BRDA:27,1,1,4
BRDA:35,2,0,2
BRDA:35,2,1,4
BRDA:38,3,0,3
BRDA:38,3,1,1
BRDA:44,4,0,1
BRDA:44,4,1,1
BRDA:61,5,0,19
BRDA:61,5,1,9
BRDA:72,6,0,3
BRDA:72,6,1,16
BRF:14
BRH:14
end_of_record
TN:
SF:src\components\Transaction\TransactionsTransferMoney.jsx
FN:9,TransactionsTransferMoney
FN:28,(anonymous_1)
FN:29,(anonymous_2)
FN:31,(anonymous_3)
FN:42,(anonymous_4)
FN:49,(anonymous_5)
FN:78,(anonymous_6)
FN:137,oo_cm
FNF:8
FNH:8
FNDA:24,TransactionsTransferMoney
FNDA:8,(anonymous_1)
FNDA:8,(anonymous_2)
FNDA:5,(anonymous_3)
FNDA:10,(anonymous_4)
FNDA:5,(anonymous_5)
FNDA:5,(anonymous_6)
FNDA:2,oo_cm
DA:12,24
DA:28,23
DA:29,8
DA:30,8
DA:31,8
DA:36,8
DA:40,23
DA:42,23
DA:43,10
DA:49,23
DA:50,5
DA:52,3
DA:53,3
DA:54,2
DA:56,2
DA:63,2
DA:65,2
DA:67,2
DA:68,2
DA:69,1
DA:70,1
DA:72,1
DA:78,23
DA:79,5
DA:80,1
DA:81,1
DA:83,4
DA:84,1
DA:85,1
DA:87,3
DA:90,23
DA:137,2
LF:32
LH:32
BRDA:33,0,0,5
BRDA:33,0,1,0
BRDA:50,1,0,2
BRDA:50,1,1,3
BRDA:53,2,0,2
BRDA:53,2,1,1
BRDA:68,3,0,1
BRDA:68,3,1,1
BRDA:79,4,0,1
BRDA:79,4,1,4
BRDA:79,5,0,5
BRDA:79,5,1,4
BRDA:83,6,0,1
BRDA:83,6,1,3
BRDA:97,7,0,23
BRDA:97,7,1,10
BRDA:106,8,0,23
BRDA:106,8,1,15
BRDA:116,9,0,2
BRDA:116,9,1,21
BRDA:137,10,0,2
BRDA:137,10,1,1
BRF:22
BRH:21
end_of_record
TN:
SF:src\components\Transaction\TransactionsWithdraw.jsx
FN:10,TransactionsWithdraw
FN:30,(anonymous_1)
FN:35,(anonymous_2)
FN:37,(anonymous_3)
FN:41,(anonymous_4)
FN:58,(anonymous_5)
FNF:6
FNH:6
FNDA:21,TransactionsWithdraw
FNDA:6,(anonymous_1)
FNDA:6,(anonymous_2)
FNDA:4,(anonymous_3)
FNDA:4,(anonymous_4)
FNDA:1,(anonymous_5)
DA:11,21
DA:12,20
DA:13,20
DA:30,20
DA:31,6
DA:35,20
DA:37,20
DA:38,4
DA:41,20
DA:43,4
DA:44,2
DA:45,2
DA:46,2
DA:48,2
DA:49,2
DA:52,1
DA:55,1
DA:58,1
DA:59,1
DA:60,1
DA:61,1
DA:67,20
LF:22
LH:22
BRDA:43,0,0,2
BRDA:43,0,1,2
BRDA:43,1,0,4
BRDA:43,1,1,3
BRDA:49,2,0,1
BRDA:49,2,1,1
BRDA:91,3,0,1
BRDA:91,3,1,19
BRF:8
BRH:8
end_of_record
TN:
SF:src\components\context\userContext.jsx
FN:7,(anonymous_0)
FN:11,(anonymous_1)
FN:12,(anonymous_2)
FN:32,oo_cm
FNF:4
FNH:0
FNDA:0,(anonymous_0)
FNDA:0,(anonymous_1)
FNDA:0,(anonymous_2)
FNDA:0,oo_cm
DA:5,5
DA:7,5
DA:8,0
DA:11,0
DA:12,0
DA:13,0
DA:14,0
DA:15,0
DA:17,0
DA:20,0
DA:32,0
LF:11
LH:2
BRDA:32,0,0,0
BRDA:32,0,1,0
BRF:2
BRH:0
end_of_record
TN:
SF:src\components\requests\askForLoan.jsx
FN:3,(anonymous_0)
FN:38,oo_cm
FNF:2
FNH:0
FNDA:0,(anonymous_0)
FNDA:0,oo_cm
DA:3,1
DA:4,0
DA:5,0
DA:8,0
DA:21,0
DA:22,0
DA:24,0
DA:26,0
DA:29,0
DA:38,0
LF:10
LH:1
BRDA:21,0,0,0
BRDA:21,0,1,0
BRDA:38,1,0,0
BRDA:38,1,1,0
BRF:4
BRH:0
end_of_record
TN:
SF:src\components\requests\getTotalDebts.jsx
FN:3,(anonymous_0)
FN:34,oo_cm
FNF:2
FNH:0
FNDA:0,(anonymous_0)
FNDA:0,oo_cm
DA:3,1
DA:4,0
DA:5,0
DA:8,0
DA:17,0
DA:18,0
DA:20,0
DA:22,0
DA:25,0
DA:34,0
LF:10
LH:1
BRDA:17,0,0,0
BRDA:17,0,1,0
BRDA:34,1,0,0
BRDA:34,1,1,0
BRF:4
BRH:0
end_of_record
TN:
SF:src\components\requests\getTotalIncome.jsx
FN:3,(anonymous_0)
FN:34,oo_cm
FNF:2
FNH:0
FNDA:0,(anonymous_0)
FNDA:0,oo_cm
DA:3,1
DA:4,0
DA:5,0
DA:8,0
DA:17,0
DA:18,0
DA:20,0
DA:22,0
DA:25,0
DA:34,0
LF:10
LH:1
BRDA:17,0,0,0
BRDA:17,0,1,0
BRDA:34,1,0,0
BRDA:34,1,1,0
BRF:4
BRH:0
end_of_record
TN:
SF:src\components\requests\getTotalOutcome.jsx
FN:3,(anonymous_0)
FN:34,oo_cm
FNF:2
FNH:0
FNDA:0,(anonymous_0)
FNDA:0,oo_cm
DA:3,1
DA:4,0
DA:5,0
DA:8,0
DA:17,0
DA:18,0
DA:20,0
DA:22,0
DA:25,0
DA:34,0
LF:10
LH:1
BRDA:17,0,0,0
BRDA:17,0,1,0
BRDA:34,1,0,0
BRDA:34,1,1,0
BRF:4
BRH:0
end_of_record
TN:
SF:src\components\requests\getTransactions.jsx
FN:3,(anonymous_0)
FN:34,oo_cm
FNF:2
FNH:0
FNDA:0,(anonymous_0)
FNDA:0,oo_cm
DA:3,1
DA:4,0
DA:5,0
DA:8,0
DA:17,0
DA:18,0
DA:20,0
DA:22,0
DA:25,0
DA:34,0
LF:10
LH:1
BRDA:17,0,0,0
BRDA:17,0,1,0
BRDA:34,1,0,0
BRDA:34,1,1,0
BRF:4
BRH:0
end_of_record
TN:
SF:src\components\requests\getUserInfo.jsx
FN:4,(anonymous_0)
FN:34,oo_cm
FNF:2
FNH:0
FNDA:0,(anonymous_0)
FNDA:0,oo_cm
DA:4,7
DA:5,0
DA:6,0
DA:9,0
DA:18,0
DA:19,0
DA:20,0
DA:22,0
DA:25,0
DA:34,0
LF:10
LH:1
BRDA:18,0,0,0
BRDA:18,0,1,0
BRDA:34,1,0,0
BRDA:34,1,1,0
BRF:4
BRH:0
end_of_record
TN:
SF:src\components\requests\jwtManage.jsx
FN:3,(anonymous_0)
FN:9,(anonymous_1)
FN:13,(anonymous_2)
FN:17,(anonymous_3)
FNF:4
FNH:0
FNDA:0,(anonymous_0)
FNDA:0,(anonymous_1)
FNDA:0,(anonymous_2)
FNDA:0,(anonymous_3)
DA:3,18
DA:4,0
DA:5,0
DA:6,0
DA:9,18
DA:10,0
DA:13,18
DA:14,0
DA:17,18
DA:18,0
LF:10
LH:4
BRF:0
BRH:0
end_of_record
TN:
SF:src\components\requests\transaction.depositMoney.jsx
FN:3,(anonymous_0)
FN:40,oo_cm
FNF:2
FNH:0
FNDA:0,(anonymous_0)
FNDA:0,oo_cm
DA:3,1
DA:4,0
DA:5,0
DA:6,0
DA:20,0
DA:21,0
DA:22,0
DA:23,0
DA:25,0
DA:26,0
DA:27,0
DA:30,0
DA:31,0
DA:40,0
LF:14
LH:1
BRDA:20,0,0,0
BRDA:20,0,1,0
BRDA:40,1,0,0
BRDA:40,1,1,0
BRF:4
BRH:0
end_of_record
TN:
SF:src\components\requests\transferMoney.jsx
FN:4,(anonymous_0)
FN:37,oo_cm
FNF:2
FNH:0
FNDA:0,(anonymous_0)
FNDA:0,oo_cm
DA:4,2
DA:5,0
DA:6,0
DA:7,0
DA:16,0
DA:17,0
DA:18,0
DA:19,0
DA:21,0
DA:22,0
DA:23,0
DA:26,0
DA:27,0
DA:37,0
LF:14
LH:1
BRDA:16,0,0,0
BRDA:16,0,1,0
BRDA:37,1,0,0
BRDA:37,1,1,0
BRF:4
BRH:0
end_of_record
TN:
SF:src\components\requests\updateUserInfo.jsx
FN:3,(anonymous_0)
FN:31,oo_cm
FNF:2
FNH:0
FNDA:0,(anonymous_0)
FNDA:0,oo_cm
DA:3,1
DA:4,0
DA:5,0
DA:6,0
DA:7,0
DA:15,0
DA:16,0
DA:17,0
DA:19,0
DA:22,0
DA:31,0
LF:11
LH:1
BRDA:15,0,0,0
BRDA:15,0,1,0
BRDA:31,1,0,0
BRDA:31,1,1,0
BRF:4
BRH:0
end_of_record
TN:
SF:src\components\requests\withdrawMoney.jsx
FN:4,(anonymous_0)
FN:37,oo_cm
FNF:2
FNH:0
FNDA:0,(anonymous_0)
FNDA:0,oo_cm
DA:4,1
DA:5,0
DA:6,0
DA:7,0
DA:9,0
DA:21,0
DA:22,0
DA:23,0
DA:25,0
DA:28,0
DA:37,0
LF:11
LH:1
BRDA:21,0,0,0
BRDA:21,0,1,0
BRDA:37,1,0,0
BRDA:37,1,1,0
BRF:4
BRH:0
end_of_record
